Determining if the pthread_create exist failed with the following output:
Change Dir: /home/zero/workspace/final/build/CMakeFiles/CMakeTmp

Run Build Command:"/usr/bin/make" "cmTC_93bc1/fast"
/usr/bin/make -f CMakeFiles/cmTC_93bc1.dir/build.make CMakeFiles/cmTC_93bc1.dir/build
make[1]: Entering directory '/home/zero/workspace/final/build/CMakeFiles/CMakeTmp'
Building C object CMakeFiles/cmTC_93bc1.dir/CheckSymbolExists.c.o
/usr/bin/cc    -o CMakeFiles/cmTC_93bc1.dir/CheckSymbolExists.c.o   -c /home/zero/workspace/final/build/CMakeFiles/CMakeTmp/CheckSymbolExists.c
Linking C executable cmTC_93bc1
/usr/bin/cmake -E cmake_link_script CMakeFiles/cmTC_93bc1.dir/link.txt --verbose=1
/usr/bin/cc      -rdynamic CMakeFiles/cmTC_93bc1.dir/CheckSymbolExists.c.o  -o cmTC_93bc1 
/usr/bin/ld: CMakeFiles/cmTC_93bc1.dir/CheckSymbolExists.c.o: in function `main':
CheckSymbolExists.c:(.text+0x1b): undefined reference to `pthread_create'
collect2: error: ld returned 1 exit status
make[1]: *** [CMakeFiles/cmTC_93bc1.dir/build.make:87: cmTC_93bc1] Error 1
make[1]: Leaving directory '/home/zero/workspace/final/build/CMakeFiles/CMakeTmp'
make: *** [Makefile:121: cmTC_93bc1/fast] Error 2

File /home/zero/workspace/final/build/CMakeFiles/CMakeTmp/CheckSymbolExists.c:
/* */
#include <pthread.h>

int main(int argc, char** argv)
{
  (void)argv;
#ifndef pthread_create
  return ((int*)(&pthread_create))[argc];
#else
  (void)argc;
  return 0;
#endif
}

Determining if the function pthread_create exists in the pthreads failed with the following output:
Change Dir: /home/zero/workspace/final/build/CMakeFiles/CMakeTmp

Run Build Command:"/usr/bin/make" "cmTC_9e138/fast"
/usr/bin/make -f CMakeFiles/cmTC_9e138.dir/build.make CMakeFiles/cmTC_9e138.dir/build
make[1]: Entering directory '/home/zero/workspace/final/build/CMakeFiles/CMakeTmp'
Building C object CMakeFiles/cmTC_9e138.dir/CheckFunctionExists.c.o
/usr/bin/cc   -DCHECK_FUNCTION_EXISTS=pthread_create   -o CMakeFiles/cmTC_9e138.dir/CheckFunctionExists.c.o   -c /usr/share/cmake-3.13/Modules/CheckFunctionExists.c
Linking C executable cmTC_9e138
/usr/bin/cmake -E cmake_link_script CMakeFiles/cmTC_9e138.dir/link.txt --verbose=1
/usr/bin/cc  -DCHECK_FUNCTION_EXISTS=pthread_create    -rdynamic CMakeFiles/cmTC_9e138.dir/CheckFunctionExists.c.o  -o cmTC_9e138 -lpthreads 
/usr/bin/ld: cannot find -lpthreads
collect2: error: ld returned 1 exit status
make[1]: *** [CMakeFiles/cmTC_9e138.dir/build.make:87: cmTC_9e138] Error 1
make[1]: Leaving directory '/home/zero/workspace/final/build/CMakeFiles/CMakeTmp'
make: *** [Makefile:121: cmTC_9e138/fast] Error 2


